<?xml version="1.0" encoding="UTF-8"?>
<testng-results ignored="0" total="1" passed="1" failed="0" skipped="0">
  <reporter-output>
  </reporter-output>
  <suite started-at="2021-07-25T18:58:36 IST" name="Default suite" finished-at="2021-07-25T18:59:11 IST" duration-ms="35018">
    <groups>
    </groups>
    <test started-at="2021-07-25T18:58:36 IST" name="Default test" finished-at="2021-07-25T18:59:11 IST" duration-ms="35018">
      <class name="ShaadiTest">
        <test-method is-config="true" signature="driversetup()[pri:0, instance:ShaadiTest@4f80542f]" started-at="2021-07-25T18:58:36 IST" name="driversetup" finished-at="2021-07-25T18:58:52 IST" duration-ms="15937" status="PASS">
          <reporter-output>
          </reporter-output>
        </test-method> <!-- driversetup -->
        <test-method signature="fn_assignment()[pri:0, instance:ShaadiTest@4f80542f]" started-at="2021-07-25T18:58:52 IST" name="fn_assignment" finished-at="2021-07-25T18:59:11 IST" duration-ms="18838" status="PASS">
          <reporter-output>
          </reporter-output>
        </test-method> <!-- fn_assignment -->
        <test-method is-config="true" signature="terminateBrowser()[pri:0, instance:ShaadiTest@4f80542f]" started-at="2021-07-25T18:59:11 IST" name="terminateBrowser" finished-at="2021-07-25T18:59:11 IST" duration-ms="198" status="PASS">
          <reporter-output>
          </reporter-output>
        </test-method> <!-- terminateBrowser -->
      </class> <!-- ShaadiTest -->
    </test> <!-- Default test -->
  </suite> <!-- Default suite -->
</testng-results>
